# JRE version: Java(TM) SE Runtime Environment (8.0_60-b27) (build 1.8.0_60-b27)
# Java VM: Java HotSpot(TM) 64-Bit Server VM (25.60-b23 mixed mode windows-amd64 compressed oops)
Heap:
 PSYoungGen      total 101888K, used 12696K [0x00000000eab00000, 0x00000000f4580000, 0x0000000100000000)
  eden space 93696K, 13% used [0x00000000eab00000,0x00000000eb7662c0,0x00000000f0680000)
  from space 8192K, 0% used [0x00000000f0680000,0x00000000f0680000,0x00000000f0e80000)
  to   space 8192K, 0% used [0x00000000f3d80000,0x00000000f3d80000,0x00000000f4580000)
 ParOldGen       total 31232K, used 17877K [0x00000000c0000000, 0x00000000c1e80000, 0x00000000eab00000)
  object space 31232K, 57% used [0x00000000c0000000,0x00000000c1175458,0x00000000c1e80000)
 Metaspace       used 35355K, capacity 35986K, committed 36224K, reserved 1081344K
  class space    used 4683K, capacity 4886K, committed 4992K, reserved 1048576K
GC Heap History (10 events):
Event: 20.456 GC heap before
{Heap before GC invocations=9 (full 1):
 PSYoungGen      total 39424K, used 32256K [0x00000000eab00000, 0x00000000ef700000, 0x0000000100000000)
  eden space 32256K, 100% used [0x00000000eab00000,0x00000000eca80000,0x00000000eca80000)
  from space 7168K, 0% used [0x00000000eca80000,0x00000000eca80000,0x00000000ed180000)
  to   space 6656K, 0% used [0x00000000ef080000,0x00000000ef080000,0x00000000ef700000)
 ParOldGen       total 31232K, used 8995K [0x00000000c0000000, 0x00000000c1e80000, 0x00000000eab00000)
  object space 31232K, 28% used [0x00000000c0000000,0x00000000c08c8d28,0x00000000c1e80000)
 Metaspace       used 23566K, capacity 23940K, committed 24320K, reserved 1071104K
  class space    used 3093K, capacity 3205K, committed 3328K, reserved 1048576K
Event: 20.477 GC heap after
Heap after GC invocations=9 (full 1):
 PSYoungGen      total 66048K, used 4309K [0x00000000eab00000, 0x00000000ef500000, 0x0000000100000000)
  eden space 61440K, 0% used [0x00000000eab00000,0x00000000eab00000,0x00000000ee700000)
  from space 4608K, 93% used [0x00000000ef080000,0x00000000ef4b5648,0x00000000ef500000)
  to   space 6144K, 0% used [0x00000000ee900000,0x00000000ee900000,0x00000000eef00000)
 ParOldGen       total 31232K, used 9003K [0x00000000c0000000, 0x00000000c1e80000, 0x00000000eab00000)
  object space 31232K, 28% used [0x00000000c0000000,0x00000000c08cad28,0x00000000c1e80000)
 Metaspace       used 23566K, capacity 23940K, committed 24320K, reserved 1071104K
  class space    used 3093K, capacity 3205K, committed 3328K, reserved 1048576K
}
Event: 22.672 GC heap before
{Heap before GC invocations=10 (full 1):
 PSYoungGen      total 66048K, used 65749K [0x00000000eab00000, 0x00000000ef500000, 0x0000000100000000)
  eden space 61440K, 100% used [0x00000000eab00000,0x00000000ee700000,0x00000000ee700000)
  from space 4608K, 93% used [0x00000000ef080000,0x00000000ef4b5648,0x00000000ef500000)
  to   space 6144K, 0% used [0x00000000ee900000,0x00000000ee900000,0x00000000eef00000)
 ParOldGen       total 31232K, used 9003K [0x00000000c0000000, 0x00000000c1e80000, 0x00000000eab00000)
  object space 31232K, 28% used [0x00000000c0000000,0x00000000c08cad28,0x00000000c1e80000)
 Metaspace       used 29152K, capacity 29712K, committed 29952K, reserved 1075200K
  class space    used 3914K, capacity 4058K, committed 4096K, reserved 1048576K
Event: 22.691 GC heap after
Heap after GC invocations=10 (full 1):
 PSYoungGen      total 69632K, used 6127K [0x00000000eab00000, 0x00000000f1600000, 0x0000000100000000)
  eden space 63488K, 0% used [0x00000000eab00000,0x00000000eab00000,0x00000000ee900000)
  from space 6144K, 99% used [0x00000000ee900000,0x00000000eeefbd20,0x00000000eef00000)
  to   space 7680K, 0% used [0x00000000f0e80000,0x00000000f0e80000,0x00000000f1600000)
 ParOldGen       total 31232K, used 11407K [0x00000000c0000000, 0x00000000c1e80000, 0x00000000eab00000)
  object space 31232K, 36% used [0x00000000c0000000,0x00000000c0b23e90,0x00000000c1e80000)
 Metaspace       used 29152K, capacity 29712K, committed 29952K, reserved 1075200K
  class space    used 3914K, capacity 4058K, committed 4096K, reserved 1048576K
}
Event: 36.886 GC heap before
{Heap before GC invocations=11 (full 1):
 PSYoungGen      total 69632K, used 69615K [0x00000000eab00000, 0x00000000f1600000, 0x0000000100000000)
  eden space 63488K, 100% used [0x00000000eab00000,0x00000000ee900000,0x00000000ee900000)
  from space 6144K, 99% used [0x00000000ee900000,0x00000000eeefbd20,0x00000000eef00000)
  to   space 7680K, 0% used [0x00000000f0e80000,0x00000000f0e80000,0x00000000f1600000)
 ParOldGen       total 31232K, used 11407K [0x00000000c0000000, 0x00000000c1e80000, 0x00000000eab00000)
  object space 31232K, 36% used [0x00000000c0000000,0x00000000c0b23e90,0x00000000c1e80000)
 Metaspace       used 31178K, capacity 31702K, committed 32000K, reserved 1077248K
  class space    used 4134K, capacity 4273K, committed 4352K, reserved 1048576K
Event: 36.909 GC heap after
Heap after GC invocations=11 (full 1):
 PSYoungGen      total 101376K, used 6176K [0x00000000eab00000, 0x00000000f1980000, 0x0000000100000000)
  eden space 93696K, 0% used [0x00000000eab00000,0x00000000eab00000,0x00000000f0680000)
  from space 7680K, 80% used [0x00000000f0e80000,0x00000000f1488058,0x00000000f1600000)
  to   space 8192K, 0% used [0x00000000f0680000,0x00000000f0680000,0x00000000f0e80000)
 ParOldGen       total 31232K, used 13903K [0x00000000c0000000, 0x00000000c1e80000, 0x00000000eab00000)
  object space 31232K, 44% used [0x00000000c0000000,0x00000000c0d93f10,0x00000000c1e80000)
 Metaspace       used 31178K, capacity 31702K, committed 32000K, reserved 1077248K
  class space    used 4134K, capacity 4273K, committed 4352K, reserved 1048576K
}
Event: 38.484 GC heap before
{Heap before GC invocations=12 (full 1):
 PSYoungGen      total 101376K, used 71250K [0x00000000eab00000, 0x00000000f1980000, 0x0000000100000000)
  eden space 93696K, 69% used [0x00000000eab00000,0x00000000eea8caf8,0x00000000f0680000)
  from space 7680K, 80% used [0x00000000f0e80000,0x00000000f1488058,0x00000000f1600000)
  to   space 8192K, 0% used [0x00000000f0680000,0x00000000f0680000,0x00000000f0e80000)
 ParOldGen       total 31232K, used 13903K [0x00000000c0000000, 0x00000000c1e80000, 0x00000000eab00000)
  object space 31232K, 44% used [0x00000000c0000000,0x00000000c0d93f10,0x00000000c1e80000)
 Metaspace       used 34752K, capacity 35370K, committed 35496K, reserved 1079296K
  class space    used 4621K, capacity 4830K, committed 4864K, reserved 1048576K
Event: 38.505 GC heap after
Heap after GC invocations=12 (full 1):
 PSYoungGen      total 101888K, used 5491K [0x00000000eab00000, 0x00000000f4580000, 0x0000000100000000)
  eden space 93696K, 0% used [0x00000000eab00000,0x00000000eab00000,0x00000000f0680000)
  from space 8192K, 67% used [0x00000000f0680000,0x00000000f0bdcfa0,0x00000000f0e80000)
  to   space 8192K, 0% used [0x00000000f3d80000,0x00000000f3d80000,0x00000000f4580000)
 ParOldGen       total 31232K, used 18071K [0x00000000c0000000, 0x00000000c1e80000, 0x00000000eab00000)
  object space 31232K, 57% used [0x00000000c0000000,0x00000000c11a5d90,0x00000000c1e80000)
 Metaspace       used 34752K, capacity 35370K, committed 35496K, reserved 1079296K
  class space    used 4621K, capacity 4830K, committed 4864K, reserved 1048576K
}
Event: 38.505 GC heap before
{Heap before GC invocations=13 (full 2):
 PSYoungGen      total 101888K, used 5491K [0x00000000eab00000, 0x00000000f4580000, 0x0000000100000000)
  eden space 93696K, 0% used [0x00000000eab00000,0x00000000eab00000,0x00000000f0680000)
  from space 8192K, 67% used [0x00000000f0680000,0x00000000f0bdcfa0,0x00000000f0e80000)
  to   space 8192K, 0% used [0x00000000f3d80000,0x00000000f3d80000,0x00000000f4580000)
 ParOldGen       total 31232K, used 18071K [0x00000000c0000000, 0x00000000c1e80000, 0x00000000eab00000)
  object space 31232K, 57% used [0x00000000c0000000,0x00000000c11a5d90,0x00000000c1e80000)
 Metaspace       used 34752K, capacity 35370K, committed 35496K, reserved 1079296K
  class space    used 4621K, capacity 4830K, committed 4864K, reserved 1048576K
Event: 38.675 GC heap after
Heap after GC invocations=13 (full 2):
 PSYoungGen      total 101888K, used 0K [0x00000000eab00000, 0x00000000f4580000, 0x0000000100000000)
  eden space 93696K, 0% used [0x00000000eab00000,0x00000000eab00000,0x00000000f0680000)
  from space 8192K, 0% used [0x00000000f0680000,0x00000000f0680000,0x00000000f0e80000)
  to   space 8192K, 0% used [0x00000000f3d80000,0x00000000f3d80000,0x00000000f4580000)
 ParOldGen       total 31232K, used 17877K [0x00000000c0000000, 0x00000000c1e80000, 0x00000000eab00000)
  object space 31232K, 57% used [0x00000000c0000000,0x00000000c1175458,0x00000000c1e80000)
 Metaspace       used 34726K, capacity 35282K, committed 35496K, reserved 1079296K
  class space    used 4613K, capacity 4822K, committed 4864K, reserved 1048576K
}

